2023-01-17T05:23:41+00:00 DEBUG Info: Begin processing payment for order 5538 for the amount of 12.00
2023-01-17T05:23:41+00:00 DEBUG 
Posting to: 
https://test.authorize.net/gateway/transact.dll
Request: 
Array
(
    [x_version] => 3.1
    [x_delim_char] => |
    [x_delim_data] => TRUE
    [x_relay_response] => FALSE
    [x_encap_char] => 
    [x_login] => 3KU89SwD2nmA
    [x_tran_key] => 47X8ac456SUbkSbs
    [x_method] => CC
    [x_card_num] => 4111111111111111
    [x_exp_date] => 0333
    [x_card_code] => 312
    [x_description] => havana Leaf - Order 5538
    [x_amount] => 12.00
    [x_type] => AUTH_CAPTURE
    [x_first_name] => Aneudy
    [x_last_name] => Adames
    [x_address] => 312 Linton Avenue
    [x_city] => Lindenhurst
    [x_state] => NY
    [x_country] => US
    [x_zip] => 11757
    [x_email] => a4aneudy@gmail.com
    [x_phone] => 3478222552
    [x_company] => 
    [x_invoice_num] => 5538
    [x_trans_id] => 
    [x_customer_ip] => ::1
    [x_currency_code] => USD
    [x_ship_to_first_name] => 
    [x_ship_to_last_name] => 
    [x_ship_to_company] => 
    [x_ship_to_address] => 
    [x_ship_to_city] => 
    [x_ship_to_state] => 
    [x_ship_to_country] => 
    [x_ship_to_zip] => 
    [x_tax] => 0
    [x_freight] => 0
    [x_email_customer] => 1
)

Line Items: 
Array
(
    [0] => Array
        (
            [id] => 5471
            [name] => Russian Cream Box
            [description] => 
            [quantity] => 1
            [unit_price] => 12
            [taxable] => 1
        )

)

Response: 
Array
(
    [0] => 3
    [1] => 2
    [2] => 13
    [3] => The merchant login ID or password is invalid or the account is inactive.
    [4] => 
    [5] => P
    [6] => 0
    [7] => 
    [8] => 
    [9] => 12.00
    [10] => 
    [11] => auth_capture
    [12] => 
    [13] => 
    [14] => 
    [15] => 
    [16] => 
    [17] => 
    [18] => 
    [19] => 
    [20] => 
    [21] => 
    [22] => 
    [23] => 
    [24] => 
    [25] => 
    [26] => 
    [27] => 
    [28] => 
    [29] => 
    [30] => 
    [31] => 
    [32] => 
    [33] => 
    [34] => 
    [35] => 
    [36] => 
    [37] => 
    [38] => 
    [39] => 
    [40] => 
    [41] => 
    [42] => 
    [43] => 
    [44] => 
    [45] => 
    [46] => 
    [47] => 
    [48] => 
    [49] => 
    [50] => 
    [51] => 
    [52] => 
    [53] => 
    [54] => 
    [55] => 
    [56] => 
    [57] => 
    [58] => 
    [59] => 
    [60] => 
    [61] => 
    [62] => 
    [63] => 
    [64] => 
    [65] => 
    [66] => 
    [67] => 
    [68] => 
)

2023-01-17T05:23:41+00:00 DEBUG Gateway Error: <!-- Error: 13 --> The merchant login ID or password is invalid or the account is inactive.
2023-01-17T05:25:11+00:00 DEBUG Info: Begin processing payment for order 5538 for the amount of 12.00
2023-01-17T05:25:11+00:00 DEBUG 
Posting to: 
https://test.authorize.net/gateway/transact.dll
Request: 
Array
(
    [x_version] => 3.1
    [x_delim_char] => |
    [x_delim_data] => TRUE
    [x_relay_response] => FALSE
    [x_encap_char] => 
    [x_login] => 3KU89SwD2nmA
    [x_tran_key] => 47X8ac456SUbkSbs
    [x_method] => CC
    [x_card_num] => 4111111111111111
    [x_exp_date] => 0333
    [x_card_code] => 312
    [x_description] => havana Leaf - Order 5538
    [x_amount] => 12.00
    [x_type] => AUTH_CAPTURE
    [x_first_name] => Aneudy
    [x_last_name] => Adames
    [x_address] => 312 Linton Avenue
    [x_city] => Lindenhurst
    [x_state] => NY
    [x_country] => US
    [x_zip] => 11757
    [x_email] => a4aneudy@gmail.com
    [x_phone] => 3478222552
    [x_company] => 
    [x_invoice_num] => 5538
    [x_trans_id] => 
    [x_customer_ip] => ::1
    [x_currency_code] => USD
    [x_ship_to_first_name] => 
    [x_ship_to_last_name] => 
    [x_ship_to_company] => 
    [x_ship_to_address] => 
    [x_ship_to_city] => 
    [x_ship_to_state] => 
    [x_ship_to_country] => 
    [x_ship_to_zip] => 
    [x_tax] => 0
    [x_freight] => 0
    [x_email_customer] => 1
)

Line Items: 
Array
(
    [0] => Array
        (
            [id] => 5471
            [name] => Russian Cream Box
            [description] => 
            [quantity] => 1
            [unit_price] => 12
            [taxable] => 1
        )

)

Response: 
Array
(
    [0] => 3
    [1] => 2
    [2] => 13
    [3] => The merchant login ID or password is invalid or the account is inactive.
    [4] => 
    [5] => P
    [6] => 0
    [7] => 
    [8] => 
    [9] => 12.00
    [10] => 
    [11] => auth_capture
    [12] => 
    [13] => 
    [14] => 
    [15] => 
    [16] => 
    [17] => 
    [18] => 
    [19] => 
    [20] => 
    [21] => 
    [22] => 
    [23] => 
    [24] => 
    [25] => 
    [26] => 
    [27] => 
    [28] => 
    [29] => 
    [30] => 
    [31] => 
    [32] => 
    [33] => 
    [34] => 
    [35] => 
    [36] => 
    [37] => 
    [38] => 
    [39] => 
    [40] => 
    [41] => 
    [42] => 
    [43] => 
    [44] => 
    [45] => 
    [46] => 
    [47] => 
    [48] => 
    [49] => 
    [50] => 
    [51] => 
    [52] => 
    [53] => 
    [54] => 
    [55] => 
    [56] => 
    [57] => 
    [58] => 
    [59] => 
    [60] => 
    [61] => 
    [62] => 
    [63] => 
    [64] => 
    [65] => 
    [66] => 
    [67] => 
    [68] => 
)

2023-01-17T05:25:11+00:00 DEBUG Gateway Error: <!-- Error: 13 --> The merchant login ID or password is invalid or the account is inactive.
2023-01-17T05:25:24+00:00 DEBUG Info: Begin processing payment for order 5538 for the amount of 12.00
2023-01-17T05:25:25+00:00 DEBUG 
Posting to: 
https://test.authorize.net/gateway/transact.dll
Request: 
Array
(
    [x_version] => 3.1
    [x_delim_char] => |
    [x_delim_data] => TRUE
    [x_relay_response] => FALSE
    [x_encap_char] => 
    [x_login] => 3KU89SwD2nmA
    [x_tran_key] => 47X8ac456SUbkSbs
    [x_method] => CC
    [x_card_num] => 4111111111111111
    [x_exp_date] => 0333
    [x_card_code] => 323
    [x_description] => havana Leaf - Order 5538
    [x_amount] => 12.00
    [x_type] => AUTH_CAPTURE
    [x_first_name] => Aneudy
    [x_last_name] => Adames
    [x_address] => 312 Linton Avenue
    [x_city] => Lindenhurst
    [x_state] => NY
    [x_country] => US
    [x_zip] => 11757
    [x_email] => a4aneudy@gmail.com
    [x_phone] => 3478222552
    [x_company] => 
    [x_invoice_num] => 5538
    [x_trans_id] => 
    [x_customer_ip] => ::1
    [x_currency_code] => USD
    [x_ship_to_first_name] => 
    [x_ship_to_last_name] => 
    [x_ship_to_company] => 
    [x_ship_to_address] => 
    [x_ship_to_city] => 
    [x_ship_to_state] => 
    [x_ship_to_country] => 
    [x_ship_to_zip] => 
    [x_tax] => 0
    [x_freight] => 0
    [x_email_customer] => 1
)

Line Items: 
Array
(
    [0] => Array
        (
            [id] => 5471
            [name] => Russian Cream Box
            [description] => 
            [quantity] => 1
            [unit_price] => 12
            [taxable] => 1
        )

)

Response: 
Array
(
    [0] => 3
    [1] => 2
    [2] => 13
    [3] => The merchant login ID or password is invalid or the account is inactive.
    [4] => 
    [5] => P
    [6] => 0
    [7] => 
    [8] => 
    [9] => 12.00
    [10] => 
    [11] => auth_capture
    [12] => 
    [13] => 
    [14] => 
    [15] => 
    [16] => 
    [17] => 
    [18] => 
    [19] => 
    [20] => 
    [21] => 
    [22] => 
    [23] => 
    [24] => 
    [25] => 
    [26] => 
    [27] => 
    [28] => 
    [29] => 
    [30] => 
    [31] => 
    [32] => 
    [33] => 
    [34] => 
    [35] => 
    [36] => 
    [37] => 
    [38] => 
    [39] => 
    [40] => 
    [41] => 
    [42] => 
    [43] => 
    [44] => 
    [45] => 
    [46] => 
    [47] => 
    [48] => 
    [49] => 
    [50] => 
    [51] => 
    [52] => 
    [53] => 
    [54] => 
    [55] => 
    [56] => 
    [57] => 
    [58] => 
    [59] => 
    [60] => 
    [61] => 
    [62] => 
    [63] => 
    [64] => 
    [65] => 
    [66] => 
    [67] => 
    [68] => 
)

2023-01-17T05:25:25+00:00 DEBUG Gateway Error: <!-- Error: 13 --> The merchant login ID or password is invalid or the account is inactive.
2023-01-17T05:38:02+00:00 DEBUG Info: Begin processing payment for order 5538 for the amount of 12.00
2023-01-17T05:38:02+00:00 DEBUG 
Posting to: 
https://test.authorize.net/gateway/transact.dll
Request: 
Array
(
    [x_version] => 3.1
    [x_delim_char] => |
    [x_delim_data] => TRUE
    [x_relay_response] => FALSE
    [x_encap_char] => 
    [x_login] => 93uZ7Mc244
    [x_tran_key] => 3TQ5g7j3VujH3u2a
    [x_method] => CC
    [x_card_num] => 4111111111111111
    [x_exp_date] => 0333
    [x_card_code] => 321
    [x_description] => havana Leaf - Order 5538
    [x_amount] => 12.00
    [x_type] => AUTH_CAPTURE
    [x_first_name] => Aneudy
    [x_last_name] => Adames
    [x_address] => 312 Linton Avenue
    [x_city] => Lindenhurst
    [x_state] => NY
    [x_country] => US
    [x_zip] => 11757
    [x_email] => a4aneudy@gmail.com
    [x_phone] => 3478222552
    [x_company] => 
    [x_invoice_num] => 5538
    [x_trans_id] => 
    [x_customer_ip] => ::1
    [x_currency_code] => USD
    [x_ship_to_first_name] => 
    [x_ship_to_last_name] => 
    [x_ship_to_company] => 
    [x_ship_to_address] => 
    [x_ship_to_city] => 
    [x_ship_to_state] => 
    [x_ship_to_country] => 
    [x_ship_to_zip] => 
    [x_tax] => 0
    [x_freight] => 0
    [x_email_customer] => 1
)

Line Items: 
Array
(
    [0] => Array
        (
            [id] => 5471
            [name] => Russian Cream Box
            [description] => 
            [quantity] => 1
            [unit_price] => 12
            [taxable] => 1
        )

)

Response: 
Array
(
    [0] => 1
    [1] => 1
    [2] => 1
    [3] => This transaction has been approved.
    [4] => DDEJCP
    [5] => Y
    [6] => 40112688676
    [7] => 5538
    [8] => havana Leaf - Order 5538
    [9] => 12.00
    [10] => CC
    [11] => auth_capture
    [12] => 
    [13] => Aneudy
    [14] => Adames
    [15] => 
    [16] => 312 Linton Avenue
    [17] => Lindenhurst
    [18] => NY
    [19] => 11757
    [20] => US
    [21] => 3478222552
    [22] => 
    [23] => a4aneudy@gmail.com
    [24] => 
    [25] => 
    [26] => 
    [27] => 
    [28] => 
    [29] => 
    [30] => 
    [31] => 
    [32] => 0.00
    [33] => 
    [34] => 0.00
    [35] => 
    [36] => 
    [37] => 
    [38] => P
    [39] => 2
    [40] => 
    [41] => 
    [42] => 
    [43] => 
    [44] => 
    [45] => 
    [46] => 
    [47] => 
    [48] => 
    [49] => 
    [50] => XXXX1111
    [51] => Visa
    [52] => 
    [53] => 
    [54] => 
    [55] => 
    [56] => 
    [57] => 
    [58] => M21468TTHQNWB1PARE1UJ4O
    [59] => 
    [60] => 
    [61] => 
    [62] => 
    [63] => 
    [64] => 
    [65] => 
    [66] => 
    [67] => 
    [68] => 
)

2023-01-17T05:38:02+00:00 DEBUG Success: Authorize.Net charge complete (Charge ID: 40112688676) 

AVS Response: Y - Street Address: Match - First 5 Digits of ZIP: Match 

CVV2 Response: P - Not Processed
